
> ai-agent-team@1.0.0 dev:client /home/pricepro2006/CrewAI_Team
> vite

Re-optimizing dependencies because lockfile has changed
Port 5173 is in use, trying another one...

  VITE v5.4.19  ready in 203 ms

  âœ  Local:   http://local8:40:05 PM [vite] .env changed, restarting server...
8:40:06 PM [vite] server restarted.
8:40:08 PM [vite] .env changed, restarting server...
8:40:08 PM [vite] server restarted.
8:40:40 PM [vite] .env changed, restarting server...
8:40:41 PM [vite] server restarted.
8:40:45 PM [vite] .env changed, restarting server...
8:40:45 PM [vite] server restarted.
8:40:50 PM [vite] .env changed, restarting server...
8:40:50 PM [vite] server restarted.
8:48:33 PM [vite] .env changed, restarting server...
8:48:33 PM [vite] server restarted.
8:48:35 PM [vite] .env changed, restarting server...
8:48:36 PM [vite] server restarted.
8:48:37 PM [vite] .env changed, restarting server...
8:48:37 PM [vite] server restarted.
8:48:43 PM [vite] .env changed, restarting server...
8:48:43 PM [vite] server restarted.
8:50:43 PM [vite] .env changed, restarting server...
8:50:43 PM [vite] server restarted.
11:10:20 AM [vite] hmr update /src/ui/App.tsx
11:11:33 AM [vite] hmr update /src/ui/App.tsx
1:30:181:30:18 PM [vite] .env changed, restarting ser1:30:181:30:18 PM [vite] server rest1:30:211:30:21 PM [vite] .env changed, restarting ser1:30:211:30:21 PM [vite] server rest1:30:241:30:24 PM [vite] .env changed, restarting ser1:30:24 PM [vite] server restarted.
1:30:27 PM [vite] .env changed, restarting server...
1:30:271:30:27 PM [vite] server rest1:30:36 PM [vite] .env changed, restarting server...
1:30:36 PM [vite] server restarted.
1:30:431:30:43 PM [vite] .env changed, restarting ser1:30:431:30:43 PM [vite] server rest1:30:45 PM [vite] .env changed, restarting server...
1:30:45 PM [vite] server restarted.
1:30:48 PM [vite] .env changed, restarting server...
1:30:48 PM [vite] server restarted.
1:30:54 PM [vite] .env changed, restarting server...
1:30:54 PM [vite] server restarted.
1:30:561:30:56 PM [vite] .env changed, restarting ser1:30:561:30:56 PM [vite] server rest1:31:001:31:00 PM [vite] .env changed, restarting ser1:31:001:31:00 PM [vite] server rest1:31:021:31:02 PM [vite] .env changed, restarting ser1:31:021:31:02 PM [vite] server rest1:31:101:31:10 PM [vite] .env changed, restarting ser1:31:101:31:10 PM [vite] server rest1:31:12 PM [vite] .env changed, restarting server...
1:31:121:31:12 PM [vite] server rest1:31:161:31:16 PM [vite] .env changed, restarting ser1:31:161:31:16 PM [vite] server rest1:31:21 PM [vite] .env changed, restarting server...
1:31:21 PM [vite] server restarted.
1:31:28 PM [vite] .env changed, restarting server...
1:31:28 PM [vite] server restarted.
arted.
