
> ai-agent-team@1.0.0 dev:client /home/pricepro2006/CrewAI_Team
> vite

Re-optimizing dependencies because lockfile has changed
Port 5173 is in use, trying another one...
Port 5174 is in use, trying another one...
Port 5175 is in use, trying another one...

  VITE v5.4.19  ready in 251 ms

  ➜  Local:   http://localhost:5176/
  ➜  Network: http://10.255.255.254:5176/
  ➜  Network: http://172.28.107.253:5176/
11:10:20 AM [vite] hmr update /src/ui/App.tsx
11:11:33 AM [vite] hmr update /src/ui/App.tsx
1:30:18 PM [vite] .env changed, restarting server...
1:30:18 PM [vite] server restarted.
1:30:21 PM [vite] .env changed, restarting server...
1:30:21 PM [vite] server restarted.
1:30:24 PM [vite] .env changed, restarting server...
1:30:24 PM [vite] server restarted.
1:30:27 PM [vite] .env changed, restarting server...
1:30:27 PM [vite] server restarted.
1:30:36 PM [vite] .env changed, restarting server...
1:30:36 PM [vite] server restarted.
1:30:43 PM [vite] .env changed, restarting server...
1:30:43 PM [vite] server restarted.
1:30:45 PM [vite] .env changed, restarting server...
1:30:45 PM [vite] server restarted.
1:30:48 PM [vite] .env changed, restarting server...
1:30:48 PM [vite] server restarted.
1:30:54 PM [vite] .env changed, restarting server...
1:30:54 PM [vite] server restarted.
1:30:56 PM [vite] .env changed, restarting server...
1:30:56 PM [vite] server restarted.
1:31:00 PM [vite] .env changed, restarting server...
1:31:00 PM [vite] server restarted.
1:31:02 PM [vite] .env changed, restarting server...
1:31:02 PM [vite] server restarted.
1:31:10 PM [vite] .env changed, restarting server...
1:31:10 PM [vite] server restarted.
1:31:12 PM [vite] .env changed, restarting server...
1:31:12 PM [vite] server restarted.
1:31:16 PM [vite] .env changed, restarting server...
1:31:16 PM [vite] server restarted.
1:31:21 PM [vite] .env changed, restarting server...
1:31:21 PM [vite] server restarted.
1:31:28 PM [vite] .env changed, restarting server...
1:31:28 PM [vite] server restarted.
