Mock TRPC server running on http://localhost:3000
Endpoints:
  POST /trpc/* - TRPC endpoints
  GET  /health - Health check
TRPC Request to: chat.create
Body: {
  "0": {
    "message": "Research the latest trends in AI agent architectures and create a summary report"
  }
}
Creating conversation: 1752646257399
Initial message: Research the latest trends in AI agent architectures and create a summary report
TRPC Request to: chat.create
Body: {
  "0": {
    "message": "Research the latest trends in AI agent architectures"
  }
}
Creating conversation: 1752646375072
Initial message: Research the latest trends in AI agent architectures
TRPC Request to: chat.create
Body: {
  "0": {
    "message": "Research the latest trends in AI agent architectures and create a summary report"
  }
}
Creating conversation: 1752646589359
Initial message: Research the latest trends in AI agent architectures and create a summary report
TRPC Request to: chat.create
Body: {
  "0": {
    "message": "Research the latest trends in AI agent architectures and create a summary report"
  }
}
Creating conversation: 1752646647506
Initial message: Research the latest trends in AI agent architectures and create a summary report
TRPC Request to: chat.create
Body: {
  "0": {
    "message": "Research the latest trends in AI agent architectures and create a summary report"
  }
}
Creating conversation: 1752646753185
Initial message: Research the latest trends in AI agent architectures and create a summary report
TRPC Request to: chat.create
Body: {
  "0": {
    "message": "Test message"
  }
}
Creating conversation: 1752646910307
Initial message: Test message
