
> ai-agent-team@1.0.0 dev
> concurrently "npm run dev:server" "npm run dev:client"

[0] 
[0] > ai-agent-team@1.0.0 dev:server
[0] > NODE_OPTIONS='--import tsx --experimental-specifier-resolution=node' node src/api/server.ts
[0] 
[1] 
[1] > ai-agent-team@1.0.0 dev:client
[1] > vite
[1] 
[1] 
[1]   VITE v5.4.19  ready in 350 ms
[1] 
[1]   ➜  Local:   http://localhost:5173/
[1]   ➜  Network: http://10.255.255.254:5173/
[1]   ➜  Network: http://172.28.107.253:5173/
[1]   ➜  Network: http://172.19.0.1:5173/
[1]   ➜  Network: http://172.17.0.1:5173/
[0] [32m2025-07-22T16:06:28.988Z INFO  [ROUTER_SETUP] Creating feature router: chat[0m
[0] [32m2025-07-22T16:06:28.989Z INFO  [ROUTER_SETUP] Creating feature router: dataCollection[0m
[0] [32m2025-07-22T16:06:28.999Z INFO  [EMAIL_STORAGE] EmailStorageService initialized with single connection[0m
[0] [32m2025-07-22T16:06:28.999Z INFO  [EMAIL_STORAGE] Initializing email storage database[0m
[0] [32m2025-07-22T16:06:29.000Z INFO  [EMAIL_STORAGE] WAL mode enabled with performance optimizations[0m
[0] [32m2025-07-22T16:06:29.001Z INFO  [EMAIL_STORAGE] Workflow patterns seeded successfully[0m
[0] [32m2025-07-22T16:06:29.001Z INFO  [EMAIL_STORAGE] Email storage database initialized successfully[0m
[0] [32m2025-07-22T16:06:29.001Z INFO  [QUERY_MONITOR] Query performance monitoring started[0m
[0] [32m2025-07-22T16:06:29.001Z INFO  [QUERY_MONITOR] Query monitor registered {"monitorId":"monitor_1753200389001_1iagyi8an","pattern":"email_table_view"}[0m
[0] [32m2025-07-22T16:06:29.002Z INFO  [QUERY_MONITOR] Query monitor registered {"monitorId":"monitor_1753200389002_kpgb5hdh9","pattern":"workflow_analytics"}[0m
[0] [32m2025-07-22T16:06:29.002Z INFO  [EMAIL_STORAGE] Performance monitoring initialized for EmailStorageService[0m
[0] [32m2025-07-22T16:06:29.002Z INFO  [EMAIL_STORAGE] SLA monitoring started[0m
[0] [32m2025-07-22T16:06:29.031Z INFO  [EMAIL_STORAGE] EmailStorageService initialized with single connection[0m
[0] [32m2025-07-22T16:06:29.031Z INFO  [EMAIL_STORAGE] Initializing email storage database[0m
[0] [32m2025-07-22T16:06:29.033Z INFO  [EMAIL_STORAGE] WAL mode enabled with performance optimizations[0m
[0] [32m2025-07-22T16:06:29.034Z INFO  [EMAIL_STORAGE] Workflow patterns seeded successfully[0m
[0] [32m2025-07-22T16:06:29.034Z INFO  [EMAIL_STORAGE] Email storage database initialized successfully[0m
[0] [32m2025-07-22T16:06:29.034Z INFO  [QUERY_MONITOR] Query monitor registered {"monitorId":"monitor_1753200389034_mjremb616","pattern":"email_table_view"}[0m
[0] [32m2025-07-22T16:06:29.034Z INFO  [QUERY_MONITOR] Query monitor registered {"monitorId":"monitor_1753200389034_xicqc13i8","pattern":"workflow_analytics"}[0m
[0] [32m2025-07-22T16:06:29.034Z INFO  [EMAIL_STORAGE] Performance monitoring initialized for EmailStorageService[0m
[0] [32m2025-07-22T16:06:29.035Z INFO  [AGENT] Initializing agent: EmailAnalysisAgent[0m
[0] [32m2025-07-22T16:06:29.124Z INFO  [EMAIL_STORAGE] EmailStorageService initialized with single connection[0m
[0] [32m2025-07-22T16:06:29.125Z INFO  [EMAIL_STORAGE] Initializing email storage database[0m
[0] [32m2025-07-22T16:06:29.125Z INFO  [EMAIL_STORAGE] WAL mode enabled with performance optimizations[0m
[0] [32m2025-07-22T16:06:29.126Z INFO  [EMAIL_STORAGE] Workflow patterns seeded successfully[0m
[0] [32m2025-07-22T16:06:29.126Z INFO  [EMAIL_STORAGE] Email storage database initialized successfully[0m
[0] [32m2025-07-22T16:06:29.126Z INFO  [QUERY_MONITOR] Query monitor registered {"monitorId":"monitor_1753200389126_h99y6facb","pattern":"email_table_view"}[0m
[0] [32m2025-07-22T16:06:29.126Z INFO  [QUERY_MONITOR] Query monitor registered {"monitorId":"monitor_1753200389126_ho447ihlr","pattern":"workflow_analytics"}[0m
[0] [32m2025-07-22T16:06:29.126Z INFO  [EMAIL_STORAGE] Performance monitoring initialized for EmailStorageService[0m
[0] 🔌 WebSocket server running on ws://localhost:3002/trpc-ws
[0] 🚀 API Server running on http://localhost:3001
[0] 📡 tRPC endpoint: http://localhost:3001/trpc
[0] 🏥 Health check: http://localhost:3001/health
[0] [32m2025-07-22T16:06:29.135Z INFO  [WEBSOCKET] WebSocket health monitoring started[0m
[0] [33m2025-07-22T16:06:29.143Z WARN  [IEMS_DATA] Could not load mailboxes file {"file":"/home/pricepro2006/iems_project/mailboxes.json"}[0m
[0] [32m2025-07-22T16:06:29.148Z INFO  [IEMS_DATA] Loaded distribution lists {"count":13}[0m
[0] [32m2025-07-22T16:06:29.148Z INFO  [AGENT] Initializing agent EmailAnalysisAgent[0m
[0] [32m2025-07-22T16:06:29.148Z INFO  [AGENT] Agent EmailAnalysisAgent initialized successfully with 0 tools[0m
